<?xml version="1.0" encoding="UTF-8"?>
<!-- Generated by org.testng.reporters.JUnitXMLReporter -->
<testsuite ignored="0" hostname="MSI" failures="1" tests="6" name="SauceDemo Tests" time="20.269" errors="0" timestamp="2025-06-25T07:37:58 IST">
  <testcase classname="tests.LoginTests" name="loginTest" time="0.676"/>
  <testcase classname="tests.LoginTests" name="loginTest" time="0.634"/>
  <testcase classname="tests.LoginTests" name="loginTest" time="0.666"/>
  <testcase classname="tests.LoginTests" name="loginTest" time="0.82"/>
  <testcase classname="tests.LoginTests" name="loginTest" time="0.946"/>
  <testcase classname="tests.LoginTests" name="testLocalStorageAfterLogin" time="1.563">
    <failure type="java.lang.AssertionError" message="session-username in localStorage should match the logged-in user expected [standard_user] but found [null]">
      <![CDATA[java.lang.AssertionError: session-username in localStorage should match the logged-in user expected [standard_user] but found [null]
at tests.LoginTests.testLocalStorageAfterLogin(LoginTests.java:53)
at java.base/java.util.ArrayList.forEach(ArrayList.java:1596)
... Removed 30 stack frames]]>
    </failure>
  </testcase> <!-- testLocalStorageAfterLogin -->
</testsuite> <!-- SauceDemo Tests -->
